generator.py[2018-05-23 14:17:50,988]  Creats 6 armies: 
generator.py[2018-05-23 14:17:50,988]  		'Italy' with 5 squads:
generator.py[2018-05-23 14:17:50,988]  				1. type 'vehicles' with 6 units
generator.py[2018-05-23 14:17:50,989]  				2. type 'vehicles' with 5 units
generator.py[2018-05-23 14:17:50,989]  				3. type 'vehicles' with 9 units
generator.py[2018-05-23 14:17:50,989]  				4. type 'vehicles' with 8 units
generator.py[2018-05-23 14:17:50,989]  				5. type 'soldiers' with 7 units
generator.py[2018-05-23 14:17:50,989]  		'Canada' with 5 squads:
generator.py[2018-05-23 14:17:50,989]  				1. type 'vehicles' with 8 units
generator.py[2018-05-23 14:17:50,990]  				2. type 'vehicles' with 9 units
generator.py[2018-05-23 14:17:50,990]  				3. type 'vehicles' with 9 units
generator.py[2018-05-23 14:17:50,990]  				4. type 'vehicles' with 5 units
generator.py[2018-05-23 14:17:50,990]  				5. type 'vehicles' with 8 units
generator.py[2018-05-23 14:17:50,990]  		'Russia' with 8 squads:
generator.py[2018-05-23 14:17:50,991]  				1. type 'soldiers' with 10 units
generator.py[2018-05-23 14:17:50,991]  				2. type 'vehicles' with 5 units
generator.py[2018-05-23 14:17:50,991]  				3. type 'vehicles' with 9 units
generator.py[2018-05-23 14:17:50,991]  				4. type 'vehicles' with 7 units
generator.py[2018-05-23 14:17:50,991]  				5. type 'soldiers' with 5 units
generator.py[2018-05-23 14:17:50,991]  				6. type 'soldiers' with 7 units
generator.py[2018-05-23 14:17:50,991]  				7. type 'soldiers' with 5 units
generator.py[2018-05-23 14:17:50,992]  				8. type 'vehicles' with 7 units
generator.py[2018-05-23 14:17:50,992]  		'Israel' with 3 squads:
generator.py[2018-05-23 14:17:50,992]  				1. type 'soldiers' with 7 units
generator.py[2018-05-23 14:17:50,992]  				2. type 'vehicles' with 7 units
generator.py[2018-05-23 14:17:50,992]  				3. type 'soldiers' with 7 units
generator.py[2018-05-23 14:17:50,992]  		'South Korea' with 7 squads:
generator.py[2018-05-23 14:17:50,992]  				1. type 'vehicles' with 10 units
generator.py[2018-05-23 14:17:50,993]  				2. type 'vehicles' with 5 units
generator.py[2018-05-23 14:17:50,993]  				3. type 'vehicles' with 7 units
generator.py[2018-05-23 14:17:50,993]  				4. type 'soldiers' with 10 units
generator.py[2018-05-23 14:17:50,993]  				5. type 'soldiers' with 7 units
generator.py[2018-05-23 14:17:50,993]  				6. type 'soldiers' with 10 units
generator.py[2018-05-23 14:17:50,993]  				7. type 'soldiers' with 9 units
generator.py[2018-05-23 14:17:50,993]  		'France' with 2 squads:
generator.py[2018-05-23 14:17:50,993]  				1. type 'vehicles' with 7 units
generator.py[2018-05-23 14:17:50,993]  				2. type 'vehicles' with 10 units
